FILE_TYPE=LIBRARY_PARTS;
PRIMITIVE 'AA1608LZGSK_295V','AA1608LZGSK_295V_Other';
  PIN
    'K':
      PIN_NUMBER='(1)';
      NO_LOAD_CHECK=BOTH;
      NO_IO_CHECK=BOTH;
      ALLOW_CONNECT=TRUE;
      PINUSE='UNSPEC';
    'A':
      PIN_NUMBER='(2)';
      NO_LOAD_CHECK=BOTH;
      NO_IO_CHECK=BOTH;
      ALLOW_CONNECT=TRUE;
      PINUSE='UNSPEC';
  END_PIN;
  BODY
    PART_NAME='AA1608LZGSK_295V';
    PHYS_DES_PREFIX='LED';
    NO_LOAD_CHECK='TRUE';
    PIN_COUNT='2';
    BODY_NAME='AA1608LZGSK_295V';
    JEDEC_TYPE='AA1608LZGSK295V';
  END_BODY;
END_PRIMITIVE;
END.
